<?xml version="1.0" encoding="UTF-8"?>
<testng-results ignored="0" total="3" passed="3" failed="0" skipped="0">
  <reporter-output>
    <line>
      <![CDATA[Step - 1- Perform Launch URL Action]]>
    </line>
    <line>
      <![CDATA[Step - 2- verify Login Screen screen]]>
    </line>
    <line>
      <![CDATA[Step - 3- Fill User Name form Login Screen screen]]>
    </line>
    <line>
      <![CDATA[Step - 4- click Login button Login Screen screen User Name form]]>
    </line>
    <line>
      <![CDATA[Step - 5- verify Login Screen screen]]>
    </line>
    <line>
      <![CDATA[Step - 1- Perform Launch URL Action]]>
    </line>
    <line>
      <![CDATA[Step - 2- verify Login Screen screen]]>
    </line>
    <line>
      <![CDATA[Step - 3- Fill User Name form Login Screen screen]]>
    </line>
    <line>
      <![CDATA[Step - 4- click Login button Login Screen screen User Name form]]>
    </line>
    <line>
      <![CDATA[Step - 5- verify Loginpass Screen screen]]>
    </line>
    <line>
      <![CDATA[Step - 6- Fill Password form Loginpass Screen screen]]>
    </line>
    <line>
      <![CDATA[Step - 7- click Login button Loginpass Screen screen Password form]]>
    </line>
    <line>
      <![CDATA[Step - 8- verify Loginpass Screen screen]]>
    </line>
    <line>
      <![CDATA[Step - 1- Perform Launch URL Action]]>
    </line>
    <line>
      <![CDATA[Step - 2- verify Login Screen screen]]>
    </line>
    <line>
      <![CDATA[Step - 3- Fill User Name form Login Screen screen]]>
    </line>
    <line>
      <![CDATA[Step - 4- click Login button Login Screen screen User Name form]]>
    </line>
    <line>
      <![CDATA[Step - 5- verify Loginpass Screen screen]]>
    </line>
    <line>
      <![CDATA[Step - 6- Fill Password form Loginpass Screen screen]]>
    </line>
    <line>
      <![CDATA[Step - 7- click Login button Loginpass Screen screen Password form]]>
    </line>
    <line>
      <![CDATA[Step - 8- verify Loginpass Screen screen]]>
    </line>
  </reporter-output>
  <suite started-at="2023-06-07T10:53:22 IST" name="TestSuite" finished-at="2023-06-07T10:53:40 IST" duration-ms="18285">
    <groups>
    </groups>
    <test started-at="2023-06-07T10:53:22 IST" name="TestCase1" finished-at="2023-06-07T10:53:31 IST" duration-ms="9533">
      <class name="testsuite.EmptyUsername">
        <test-method is-config="true" signature="getDeviceDriver()[pri:0, instance:testsuite.EmptyUsername@28701274]" started-at="2023-06-07T10:53:22 IST" name="getDeviceDriver" finished-at="2023-06-07T10:53:23 IST" duration-ms="1638" status="PASS">
          <reporter-output>
          </reporter-output>
        </test-method> <!-- getDeviceDriver -->
        <test-method signature="test(java.lang.String,java.lang.String,java.lang.String,java.lang.String,java.lang.String,java.lang.String,java.lang.String,java.lang.String,java.lang.String,java.lang.String,java.lang.String,java.lang.String)[pri:0, instance:testsuite.EmptyUsername@28701274]" started-at="2023-06-07T10:53:24 IST" name="test" data-provider="TestData" finished-at="2023-06-07T10:53:31 IST" duration-ms="7258" status="PASS">
          <params>
            <param index="0">
              <value>
                <![CDATA[http://localhost/mantis]]>
              </value>
            </param>
            <param index="1">
              <value>
                <![CDATA[Dont care]]>
              </value>
            </param>
            <param index="2">
              <value>
                <![CDATA[Dont care]]>
              </value>
            </param>
            <param index="3">
              <value>
                <![CDATA[Dont care]]>
              </value>
            </param>
            <param index="4">
              <value>
                <![CDATA[Dont care]]>
              </value>
            </param>
            <param index="5">
              <value>
                <![CDATA[Dont care]]>
              </value>
            </param>
            <param index="6">
              <value>
                <![CDATA[]]>
              </value>
            </param>
            <param index="7">
              <value>
                <![CDATA[Dont care]]>
              </value>
            </param>
            <param index="8">
              <value>
                <![CDATA[Dont care]]>
              </value>
            </param>
            <param index="9">
              <value>
                <![CDATA[Dont care]]>
              </value>
            </param>
            <param index="10">
              <value>
                <![CDATA[Dont care]]>
              </value>
            </param>
            <param index="11">
              <value>
                <![CDATA[Dont care]]>
              </value>
            </param>
          </params>
          <reporter-output>
            <line>
              <![CDATA[Step - 1- Perform Launch URL Action]]>
            </line>
            <line>
              <![CDATA[Step - 2- verify Login Screen screen]]>
            </line>
            <line>
              <![CDATA[Step - 3- Fill User Name form Login Screen screen]]>
            </line>
            <line>
              <![CDATA[Step - 4- click Login button Login Screen screen User Name form]]>
            </line>
            <line>
              <![CDATA[Step - 5- verify Login Screen screen]]>
            </line>
          </reporter-output>
        </test-method> <!-- test -->
        <test-method is-config="true" signature="export()[pri:0, instance:testsuite.EmptyUsername@28701274]" started-at="2023-06-07T10:53:31 IST" name="export" finished-at="2023-06-07T10:53:31 IST" duration-ms="138" status="PASS">
          <reporter-output>
          </reporter-output>
        </test-method> <!-- export -->
      </class> <!-- testsuite.EmptyUsername -->
    </test> <!-- TestCase1 -->
    <test started-at="2023-06-07T10:53:31 IST" name="TestCase2" finished-at="2023-06-07T10:53:36 IST" duration-ms="4486">
      <class name="testsuite.Emptypassword">
        <test-method is-config="true" signature="getDeviceDriver()[pri:0, instance:testsuite.Emptypassword@1a677343]" started-at="2023-06-07T10:53:31 IST" name="getDeviceDriver" finished-at="2023-06-07T10:53:32 IST" duration-ms="800" status="PASS">
          <reporter-output>
          </reporter-output>
        </test-method> <!-- getDeviceDriver -->
        <test-method signature="test(java.lang.String,java.lang.String,java.lang.String,java.lang.String,java.lang.String,java.lang.String,java.lang.String,java.lang.String,java.lang.String,java.lang.String,java.lang.String,java.lang.String,java.lang.String,java.lang.String,java.lang.String,java.lang.String,java.lang.String,java.lang.String,java.lang.String,java.lang.String,java.lang.String,java.lang.String,java.lang.String,java.lang.String,java.lang.String,java.lang.String,java.lang.String,java.lang.String)[pri:0, instance:testsuite.Emptypassword@1a677343]" started-at="2023-06-07T10:53:32 IST" name="test" data-provider="TestData" finished-at="2023-06-07T10:53:36 IST" duration-ms="3491" status="PASS">
          <params>
            <param index="0">
              <value>
                <![CDATA[http://localhost/mantis]]>
              </value>
            </param>
            <param index="1">
              <value>
                <![CDATA[Dont care]]>
              </value>
            </param>
            <param index="2">
              <value>
                <![CDATA[Dont care]]>
              </value>
            </param>
            <param index="3">
              <value>
                <![CDATA[Dont care]]>
              </value>
            </param>
            <param index="4">
              <value>
                <![CDATA[Dont care]]>
              </value>
            </param>
            <param index="5">
              <value>
                <![CDATA[Dont care]]>
              </value>
            </param>
            <param index="6">
              <value>
                <![CDATA[administrator]]>
              </value>
            </param>
            <param index="7">
              <value>
                <![CDATA[Dont care]]>
              </value>
            </param>
            <param index="8">
              <value>
                <![CDATA[Dont care]]>
              </value>
            </param>
            <param index="9">
              <value>
                <![CDATA[Dont care]]>
              </value>
            </param>
            <param index="10">
              <value>
                <![CDATA[Dont care]]>
              </value>
            </param>
            <param index="11">
              <value>
                <![CDATA[Dont care]]>
              </value>
            </param>
            <param index="12">
              <value>
                <![CDATA[Dont care]]>
              </value>
            </param>
            <param index="13">
              <value>
                <![CDATA[Dont care]]>
              </value>
            </param>
            <param index="14">
              <value>
                <![CDATA[Dont care]]>
              </value>
            </param>
            <param index="15">
              <value>
                <![CDATA[Dont care]]>
              </value>
            </param>
            <param index="16">
              <value>
                <![CDATA[]]>
              </value>
            </param>
            <param index="17">
              <value>
                <![CDATA[Dont care]]>
              </value>
            </param>
            <param index="18">
              <value>
                <![CDATA[Dont care]]>
              </value>
            </param>
            <param index="19">
              <value>
                <![CDATA[Dont care]]>
              </value>
            </param>
            <param index="20">
              <value>
                <![CDATA[Dont care]]>
              </value>
            </param>
            <param index="21">
              <value>
                <![CDATA[Dont care]]>
              </value>
            </param>
            <param index="22">
              <value>
                <![CDATA[Dont care]]>
              </value>
            </param>
            <param index="23">
              <value>
                <![CDATA[Dont care]]>
              </value>
            </param>
            <param index="24">
              <value>
                <![CDATA[Dont care]]>
              </value>
            </param>
            <param index="25">
              <value>
                <![CDATA[Dont care]]>
              </value>
            </param>
            <param index="26">
              <value>
                <![CDATA[Dont care]]>
              </value>
            </param>
            <param index="27">
              <value>
                <![CDATA[Dont care]]>
              </value>
            </param>
          </params>
          <reporter-output>
            <line>
              <![CDATA[Step - 1- Perform Launch URL Action]]>
            </line>
            <line>
              <![CDATA[Step - 2- verify Login Screen screen]]>
            </line>
            <line>
              <![CDATA[Step - 3- Fill User Name form Login Screen screen]]>
            </line>
            <line>
              <![CDATA[Step - 4- click Login button Login Screen screen User Name form]]>
            </line>
            <line>
              <![CDATA[Step - 5- verify Loginpass Screen screen]]>
            </line>
            <line>
              <![CDATA[Step - 6- Fill Password form Loginpass Screen screen]]>
            </line>
            <line>
              <![CDATA[Step - 7- click Login button Loginpass Screen screen Password form]]>
            </line>
            <line>
              <![CDATA[Step - 8- verify Loginpass Screen screen]]>
            </line>
          </reporter-output>
        </test-method> <!-- test -->
        <test-method is-config="true" signature="export()[pri:0, instance:testsuite.Emptypassword@1a677343]" started-at="2023-06-07T10:53:36 IST" name="export" finished-at="2023-06-07T10:53:36 IST" duration-ms="95" status="PASS">
          <reporter-output>
          </reporter-output>
        </test-method> <!-- export -->
      </class> <!-- testsuite.Emptypassword -->
    </test> <!-- TestCase2 -->
    <test started-at="2023-06-07T10:53:36 IST" name="TestCase3" finished-at="2023-06-07T10:53:40 IST" duration-ms="4220">
      <class name="testsuite.Invalidpassword">
        <test-method is-config="true" signature="getDeviceDriver()[pri:0, instance:testsuite.Invalidpassword@3c9754d8]" started-at="2023-06-07T10:53:36 IST" name="getDeviceDriver" finished-at="2023-06-07T10:53:36 IST" duration-ms="681" status="PASS">
          <reporter-output>
          </reporter-output>
        </test-method> <!-- getDeviceDriver -->
        <test-method signature="test(java.lang.String,java.lang.String,java.lang.String,java.lang.String,java.lang.String,java.lang.String,java.lang.String,java.lang.String,java.lang.String,java.lang.String,java.lang.String,java.lang.String,java.lang.String,java.lang.String,java.lang.String,java.lang.String,java.lang.String,java.lang.String,java.lang.String,java.lang.String,java.lang.String,java.lang.String,java.lang.String,java.lang.String,java.lang.String,java.lang.String,java.lang.String,java.lang.String)[pri:0, instance:testsuite.Invalidpassword@3c9754d8]" started-at="2023-06-07T10:53:36 IST" name="test" data-provider="TestData" finished-at="2023-06-07T10:53:40 IST" duration-ms="3399" status="PASS">
          <params>
            <param index="0">
              <value>
                <![CDATA[http://localhost/mantis]]>
              </value>
            </param>
            <param index="1">
              <value>
                <![CDATA[Dont care]]>
              </value>
            </param>
            <param index="2">
              <value>
                <![CDATA[Dont care]]>
              </value>
            </param>
            <param index="3">
              <value>
                <![CDATA[Dont care]]>
              </value>
            </param>
            <param index="4">
              <value>
                <![CDATA[Dont care]]>
              </value>
            </param>
            <param index="5">
              <value>
                <![CDATA[Dont care]]>
              </value>
            </param>
            <param index="6">
              <value>
                <![CDATA[administrator]]>
              </value>
            </param>
            <param index="7">
              <value>
                <![CDATA[Dont care]]>
              </value>
            </param>
            <param index="8">
              <value>
                <![CDATA[Dont care]]>
              </value>
            </param>
            <param index="9">
              <value>
                <![CDATA[Dont care]]>
              </value>
            </param>
            <param index="10">
              <value>
                <![CDATA[Dont care]]>
              </value>
            </param>
            <param index="11">
              <value>
                <![CDATA[Dont care]]>
              </value>
            </param>
            <param index="12">
              <value>
                <![CDATA[Dont care]]>
              </value>
            </param>
            <param index="13">
              <value>
                <![CDATA[Dont care]]>
              </value>
            </param>
            <param index="14">
              <value>
                <![CDATA[Dont care]]>
              </value>
            </param>
            <param index="15">
              <value>
                <![CDATA[Dont care]]>
              </value>
            </param>
            <param index="16">
              <value>
                <![CDATA[adm]]>
              </value>
            </param>
            <param index="17">
              <value>
                <![CDATA[Dont care]]>
              </value>
            </param>
            <param index="18">
              <value>
                <![CDATA[Dont care]]>
              </value>
            </param>
            <param index="19">
              <value>
                <![CDATA[Dont care]]>
              </value>
            </param>
            <param index="20">
              <value>
                <![CDATA[Dont care]]>
              </value>
            </param>
            <param index="21">
              <value>
                <![CDATA[Dont care]]>
              </value>
            </param>
            <param index="22">
              <value>
                <![CDATA[Dont care]]>
              </value>
            </param>
            <param index="23">
              <value>
                <![CDATA[Dont care]]>
              </value>
            </param>
            <param index="24">
              <value>
                <![CDATA[Dont care]]>
              </value>
            </param>
            <param index="25">
              <value>
                <![CDATA[Dont care]]>
              </value>
            </param>
            <param index="26">
              <value>
                <![CDATA[Dont care]]>
              </value>
            </param>
            <param index="27">
              <value>
                <![CDATA[Dont care]]>
              </value>
            </param>
          </params>
          <reporter-output>
            <line>
              <![CDATA[Step - 1- Perform Launch URL Action]]>
            </line>
            <line>
              <![CDATA[Step - 2- verify Login Screen screen]]>
            </line>
            <line>
              <![CDATA[Step - 3- Fill User Name form Login Screen screen]]>
            </line>
            <line>
              <![CDATA[Step - 4- click Login button Login Screen screen User Name form]]>
            </line>
            <line>
              <![CDATA[Step - 5- verify Loginpass Screen screen]]>
            </line>
            <line>
              <![CDATA[Step - 6- Fill Password form Loginpass Screen screen]]>
            </line>
            <line>
              <![CDATA[Step - 7- click Login button Loginpass Screen screen Password form]]>
            </line>
            <line>
              <![CDATA[Step - 8- verify Loginpass Screen screen]]>
            </line>
          </reporter-output>
        </test-method> <!-- test -->
        <test-method is-config="true" signature="export()[pri:0, instance:testsuite.Invalidpassword@3c9754d8]" started-at="2023-06-07T10:53:40 IST" name="export" finished-at="2023-06-07T10:53:40 IST" duration-ms="104" status="PASS">
          <reporter-output>
          </reporter-output>
        </test-method> <!-- export -->
      </class> <!-- testsuite.Invalidpassword -->
    </test> <!-- TestCase3 -->
  </suite> <!-- TestSuite -->
</testng-results>
