<?xml version="1.0" encoding="UTF-8"?>
<testng-results ignored="0" total="1" passed="0" failed="1" skipped="0">
  <reporter-output>
    <line>
      <![CDATA[Step - 1- Perform Launch URL Action]]>
    </line>
    <line>
      <![CDATA[Step - 2- verify Login Screen screen]]>
    </line>
    <line>
      <![CDATA[Step - 3- Fill User Name form Login Screen screen]]>
    </line>
    <line>
      <![CDATA[Step - 4- click Login button Login Screen screen User Name form]]>
    </line>
    <line>
      <![CDATA[Step - 5- verify Loginpass Screen screen]]>
    </line>
    <line>
      <![CDATA[Step - 6- Fill Password form Loginpass Screen screen]]>
    </line>
    <line>
      <![CDATA[Step - 7- click Login button Loginpass Screen screen Password form]]>
    </line>
    <line>
      <![CDATA[Step - 8- Select Report Issuse Button clickchoice Mantis Home screen Mantis Navbar menubar Report menu]]>
    </line>
    <line>
      <![CDATA[Step - 9- verify Report Issue screen]]>
    </line>
    <line>
      <![CDATA[Step - 10- Fill Enter Issue Details form Report Issue screen]]>
    </line>
  </reporter-output>
  <suite started-at="2023-06-06T13:00:09 IST" name="TestSuite" finished-at="2023-06-06T13:00:17 IST" duration-ms="8386">
    <groups>
    </groups>
    <test started-at="2023-06-06T13:00:09 IST" name="TestCase1" finished-at="2023-06-06T13:00:17 IST" duration-ms="8386">
      <class name="testsuite.Enter_Login_DetailsReport_new_issue">
        <test-method is-config="true" signature="getDeviceDriver()[pri:0, instance:testsuite.Enter_Login_DetailsReport_new_issue@48075da3]" started-at="2023-06-06T13:00:09 IST" name="getDeviceDriver" finished-at="2023-06-06T13:00:11 IST" duration-ms="2728" status="PASS">
          <reporter-output>
          </reporter-output>
        </test-method> <!-- getDeviceDriver -->
        <test-method signature="test(java.lang.String,java.lang.String,java.lang.String,java.lang.String,java.lang.String,java.lang.String,java.lang.String,java.lang.String,java.lang.String,java.lang.String,java.lang.String,java.lang.String,java.lang.String,java.lang.String,java.lang.String,java.lang.String,java.lang.String,java.lang.String,java.lang.String,java.lang.String,java.lang.String,java.lang.String,java.lang.String,java.lang.String,java.lang.String,java.lang.String,java.lang.String,java.lang.String,java.lang.String,java.lang.String,java.lang.String,java.lang.String,java.lang.String,java.lang.String,java.lang.String,java.lang.String,java.lang.String,java.lang.String,java.lang.String,java.lang.String,java.lang.String,java.lang.String,java.lang.String,java.lang.String,java.lang.String,java.lang.String,java.lang.String,java.lang.String,java.lang.String,java.lang.String,java.lang.String,java.lang.String,java.lang.String,java.lang.String,java.lang.String,java.lang.String,java.lang.String,java.lang.String,java.lang.String,java.lang.String,java.lang.String,java.lang.String,java.lang.String,java.lang.String,java.lang.String,java.lang.String,java.lang.String,java.lang.String,java.lang.String)[pri:0, instance:testsuite.Enter_Login_DetailsReport_new_issue@48075da3]" started-at="2023-06-06T13:00:12 IST" name="test" data-provider="TestData" finished-at="2023-06-06T13:00:17 IST" duration-ms="4549" status="FAIL">
          <params>
            <param index="0">
              <value>
                <![CDATA[http://localhost/mantis]]>
              </value>
            </param>
            <param index="1">
              <value>
                <![CDATA[Dont care]]>
              </value>
            </param>
            <param index="2">
              <value>
                <![CDATA[Dont care]]>
              </value>
            </param>
            <param index="3">
              <value>
                <![CDATA[Dont care]]>
              </value>
            </param>
            <param index="4">
              <value>
                <![CDATA[Dont care]]>
              </value>
            </param>
            <param index="5">
              <value>
                <![CDATA[Dont care]]>
              </value>
            </param>
            <param index="6">
              <value>
                <![CDATA[administrator]]>
              </value>
            </param>
            <param index="7">
              <value>
                <![CDATA[Dont care]]>
              </value>
            </param>
            <param index="8">
              <value>
                <![CDATA[Dont care]]>
              </value>
            </param>
            <param index="9">
              <value>
                <![CDATA[Dont care]]>
              </value>
            </param>
            <param index="10">
              <value>
                <![CDATA[Dont care]]>
              </value>
            </param>
            <param index="11">
              <value>
                <![CDATA[Dont care]]>
              </value>
            </param>
            <param index="12">
              <value>
                <![CDATA[Dont care]]>
              </value>
            </param>
            <param index="13">
              <value>
                <![CDATA[Dont care]]>
              </value>
            </param>
            <param index="14">
              <value>
                <![CDATA[Dont care]]>
              </value>
            </param>
            <param index="15">
              <value>
                <![CDATA[Dont care]]>
              </value>
            </param>
            <param index="16">
              <value>
                <![CDATA[admin]]>
              </value>
            </param>
            <param index="17">
              <value>
                <![CDATA[Dont care]]>
              </value>
            </param>
            <param index="18">
              <value>
                <![CDATA[Dont care]]>
              </value>
            </param>
            <param index="19">
              <value>
                <![CDATA[[All Projects] General]]>
              </value>
            </param>
            <param index="20">
              <value>
                <![CDATA[Dont care]]>
              </value>
            </param>
            <param index="21">
              <value>
                <![CDATA[sometimes]]>
              </value>
            </param>
            <param index="22">
              <value>
                <![CDATA[Dont care]]>
              </value>
            </param>
            <param index="23">
              <value>
                <![CDATA[trivial]]>
              </value>
            </param>
            <param index="24">
              <value>
                <![CDATA[Dont care]]>
              </value>
            </param>
            <param index="25">
              <value>
                <![CDATA[low]]>
              </value>
            </param>
            <param index="26">
              <value>
                <![CDATA[Dont care]]>
              </value>
            </param>
            <param index="27">
              <value>
                <![CDATA[administrator]]>
              </value>
            </param>
            <param index="28">
              <value>
                <![CDATA[Dont care]]>
              </value>
            </param>
            <param index="29">
              <value>
                <![CDATA[Summary]]>
              </value>
            </param>
            <param index="30">
              <value>
                <![CDATA[Dont care]]>
              </value>
            </param>
            <param index="31">
              <value>
                <![CDATA[Description]]>
              </value>
            </param>
            <param index="32">
              <value>
                <![CDATA[Dont care]]>
              </value>
            </param>
            <param index="33">
              <value>
                <![CDATA[Platform]]>
              </value>
            </param>
            <param index="34">
              <value>
                <![CDATA[Dont care]]>
              </value>
            </param>
            <param index="35">
              <value>
                <![CDATA[Os]]>
              </value>
            </param>
            <param index="36">
              <value>
                <![CDATA[Dont care]]>
              </value>
            </param>
            <param index="37">
              <value>
                <![CDATA[Os version]]>
              </value>
            </param>
            <param index="38">
              <value>
                <![CDATA[Dont care]]>
              </value>
            </param>
            <param index="39">
              <value>
                <![CDATA[Dont care]]>
              </value>
            </param>
            <param index="40">
              <value>
                <![CDATA[Dont care]]>
              </value>
            </param>
            <param index="41">
              <value>
                <![CDATA[ADDitional info]]>
              </value>
            </param>
            <param index="42">
              <value>
                <![CDATA[Dont care]]>
              </value>
            </param>
            <param index="43">
              <value>
                <![CDATA[Tags]]>
              </value>
            </param>
            <param index="44">
              <value>
                <![CDATA[Dont care]]>
              </value>
            </param>
            <param index="45">
              <value>
                <![CDATA[Dont care]]>
              </value>
            </param>
            <param index="46">
              <value>
                <![CDATA[Dont care]]>
              </value>
            </param>
            <param index="47">
              <value>
                <![CDATA[Dont care]]>
              </value>
            </param>
            <param index="48">
              <value>
                <![CDATA[Dont care]]>
              </value>
            </param>
            <param index="49">
              <value>
                <![CDATA[Dont care]]>
              </value>
            </param>
            <param index="50">
              <value>
                <![CDATA[Dont care]]>
              </value>
            </param>
            <param index="51">
              <value>
                <![CDATA[Dont care]]>
              </value>
            </param>
            <param index="52">
              <value>
                <![CDATA[Dont care]]>
              </value>
            </param>
            <param index="53">
              <value>
                <![CDATA[Dont care]]>
              </value>
            </param>
            <param index="54">
              <value>
                <![CDATA[Project 1]]>
              </value>
            </param>
            <param index="55">
              <value>
                <![CDATA[sometimes]]>
              </value>
            </param>
            <param index="56">
              <value>
                <![CDATA[trival]]>
              </value>
            </param>
            <param index="57">
              <value>
                <![CDATA[low]]>
              </value>
            </param>
            <param index="58">
              <value>
                <![CDATA[user1]]>
              </value>
            </param>
            <param index="59">
              <value>
                <![CDATA[Summary]]>
              </value>
            </param>
            <param index="60">
              <value>
                <![CDATA[Description]]>
              </value>
            </param>
            <param index="61">
              <value>
                <![CDATA[Platform]]>
              </value>
            </param>
            <param index="62">
              <value>
                <![CDATA[Os]]>
              </value>
            </param>
            <param index="63">
              <value>
                <![CDATA[OS version]]>
              </value>
            </param>
            <param index="64">
              <value>
                <![CDATA[Sreps to reproduce]]>
              </value>
            </param>
            <param index="65">
              <value>
                <![CDATA[ADDitional info]]>
              </value>
            </param>
            <param index="66">
              <value>
                <![CDATA[Tags]]>
              </value>
            </param>
            <param index="67">
              <value>
                <![CDATA[Dont care]]>
              </value>
            </param>
            <param index="68">
              <value>
                <![CDATA[Dont care]]>
              </value>
            </param>
          </params>
          <exception class="org.openqa.selenium.NoSuchElementException">
            <message>
              <![CDATA[Cannot locate element with text: Project 1
For documentation on this error, please visit: https://selenium.dev/exceptions/#no_such_element
Build info: version: '4.8.3', revision: 'e5e76298c3'
System info: os.name: 'Windows 10', os.arch: 'amd64', os.version: '10.0', java.version: '17.0.5'
Driver info: driver.version: unknown]]>
            </message>
            <full-stacktrace>
              <![CDATA[org.openqa.selenium.NoSuchElementException: Cannot locate element with text: Project 1
For documentation on this error, please visit: https://selenium.dev/exceptions/#no_such_element
Build info: version: '4.8.3', revision: 'e5e76298c3'
System info: os.name: 'Windows 10', os.arch: 'amd64', os.version: '10.0', java.version: '17.0.5'
Driver info: driver.version: unknown
at org.openqa.selenium.support.ui.Select.selectByVisibleText(Select.java:147)
at PageObjects.Report_Issue_Page.select_Category(Report_Issue_Page.java:44)
at testsuite.Enter_Login_DetailsReport_new_issue.test(Enter_Login_DetailsReport_new_issue.java:234)
at java.base/jdk.internal.reflect.NativeMethodAccessorImpl.invoke0(Native Method)
at java.base/jdk.internal.reflect.NativeMethodAccessorImpl.invoke(NativeMethodAccessorImpl.java:77)
at java.base/jdk.internal.reflect.DelegatingMethodAccessorImpl.invoke(DelegatingMethodAccessorImpl.java:43)
at java.base/java.lang.reflect.Method.invoke(Method.java:568)
at org.testng.internal.MethodInvocationHelper.invokeMethod(MethodInvocationHelper.java:133)
at org.testng.internal.TestInvoker.invokeMethod(TestInvoker.java:598)
at org.testng.internal.TestInvoker.invokeTestMethod(TestInvoker.java:173)
at org.testng.internal.MethodRunner.runInSequence(MethodRunner.java:46)
at org.testng.internal.TestInvoker$MethodInvocationAgent.invoke(TestInvoker.java:824)
at org.testng.internal.TestInvoker.invokeTestMethods(TestInvoker.java:146)
at org.testng.internal.TestMethodWorker.invokeTestMethods(TestMethodWorker.java:146)
at org.testng.internal.TestMethodWorker.run(TestMethodWorker.java:128)
at java.base/java.util.ArrayList.forEach(ArrayList.java:1511)
at org.testng.TestRunner.privateRun(TestRunner.java:794)
at org.testng.TestRunner.run(TestRunner.java:596)
at org.testng.SuiteRunner.runTest(SuiteRunner.java:377)
at org.testng.SuiteRunner.runSequentially(SuiteRunner.java:371)
at org.testng.SuiteRunner.privateRun(SuiteRunner.java:332)
at org.testng.SuiteRunner.run(SuiteRunner.java:276)
at org.testng.SuiteRunnerWorker.runSuite(SuiteRunnerWorker.java:53)
at org.testng.SuiteRunnerWorker.run(SuiteRunnerWorker.java:96)
at org.testng.TestNG.runSuitesSequentially(TestNG.java:1212)
at org.testng.TestNG.runSuitesLocally(TestNG.java:1134)
at org.testng.TestNG.runSuites(TestNG.java:1063)
at org.testng.TestNG.run(TestNG.java:1031)
at org.testng.remote.AbstractRemoteTestNG.run(AbstractRemoteTestNG.java:115)
at org.testng.remote.RemoteTestNG.initAndRun(RemoteTestNG.java:251)
at org.testng.remote.RemoteTestNG.main(RemoteTestNG.java:77)
]]>
            </full-stacktrace>
          </exception> <!-- org.openqa.selenium.NoSuchElementException -->
          <reporter-output>
            <line>
              <![CDATA[Step - 1- Perform Launch URL Action]]>
            </line>
            <line>
              <![CDATA[Step - 2- verify Login Screen screen]]>
            </line>
            <line>
              <![CDATA[Step - 3- Fill User Name form Login Screen screen]]>
            </line>
            <line>
              <![CDATA[Step - 4- click Login button Login Screen screen User Name form]]>
            </line>
            <line>
              <![CDATA[Step - 5- verify Loginpass Screen screen]]>
            </line>
            <line>
              <![CDATA[Step - 6- Fill Password form Loginpass Screen screen]]>
            </line>
            <line>
              <![CDATA[Step - 7- click Login button Loginpass Screen screen Password form]]>
            </line>
            <line>
              <![CDATA[Step - 8- Select Report Issuse Button clickchoice Mantis Home screen Mantis Navbar menubar Report menu]]>
            </line>
            <line>
              <![CDATA[Step - 9- verify Report Issue screen]]>
            </line>
            <line>
              <![CDATA[Step - 10- Fill Enter Issue Details form Report Issue screen]]>
            </line>
          </reporter-output>
        </test-method> <!-- test -->
        <test-method is-config="true" signature="export()[pri:0, instance:testsuite.Enter_Login_DetailsReport_new_issue@48075da3]" started-at="2023-06-06T13:00:17 IST" name="export" finished-at="2023-06-06T13:00:17 IST" duration-ms="295" status="PASS">
          <reporter-output>
          </reporter-output>
        </test-method> <!-- export -->
      </class> <!-- testsuite.Enter_Login_DetailsReport_new_issue -->
    </test> <!-- TestCase1 -->
  </suite> <!-- TestSuite -->
</testng-results>
