<?xml version="1.0" encoding="UTF-8"?>
<!-- Generated by org.testng.reporters.JUnitXMLReporter -->
<testsuite ignored="0" hostname="KSRL202" failures="1" tests="1" name="TestCase2" time="1.592" errors="0" timestamp="2023-06-06T12:27:44 IST">
  <testcase classname="testsuite.Enter_Login_DetailsCreate_Project" name="test" time="0.142">
    <failure type="org.testng.internal.reflect.MethodMatcherException" message="
[public void testsuite.Enter_Login_DetailsCreate_Project.test(java.lang.String,java.lang.String,java.lang.String,java.lang.String,java.lang.String,java.lang.String,java.lang.String,java.lang.String,java.lang.String,java.lang.String,java.lang.String,java.lang.String,java.lang.String,java.lang.String,java.lang.String,java.lang.String,java.lang.String,java.lang.String,java.lang.String,java.lang.String,java.lang.String,java.lang.String,java.lang.String,java.lang.String) throws java.lang.Exception] has no parameters defined but was found to be using a data provider (either explicitly specified or inherited from class level annotation).
Data provider mismatch
Method: test([Parameter{index=0, type=java.lang.String, declaredAnnotations=[]}, Parameter{index=1, type=java.lang.String, declaredAnnotations=[]}, Parameter{index=2, type=java.lang.String, declaredAnnotations=[]}, Parameter{index=3, type=java.lang.String, declaredAnnotations=[]}, Parameter{index=4, type=java.lang.String, declaredAnnotations=[]}, Parameter{index=5, type=java.lang.String, declaredAnnotations=[]}, Parameter{index=6, type=java.lang.String, declaredAnnotations=[]}, Parameter{index=7, type=java.lang.String, declaredAnnotations=[]}, Parameter{index=8, type=java.lang.String, declaredAnnotations=[]}, Parameter{index=9, type=java.lang.String, declaredAnnotations=[]}, Parameter{index=10, type=java.lang.String, declaredAnnotations=[]}, Parameter{index=11, type=java.lang.String, declaredAnnotations=[]}, Parameter{index=12, type=java.lang.String, declaredAnnotations=[]}, Parameter{index=13, type=java.lang.String, declaredAnnotations=[]}, Parameter{index=14, type=java.lang.String, declaredAnnotations=[]}, Parameter{index=15, type=java.lang.String, declaredAnnotations=[]}, Parameter{index=16, type=java.lang.String, declaredAnnotations=[]}, Parameter{index=17, type=java.lang.String, declaredAnnotations=[]}, Parameter{index=18, type=java.lang.String, declaredAnnotations=[]}, Parameter{index=19, type=java.lang.String, declaredAnnotations=[]}, Parameter{index=20, type=java.lang.String, declaredAnnotations=[]}, Parameter{index=21, type=java.lang.String, declaredAnnotations=[]}, Parameter{index=22, type=java.lang.String, declaredAnnotations=[]}, Parameter{index=23, type=java.lang.String, declaredAnnotations=[]}])
Arguments: [(java.lang.String) http://localhost/mantis,(java.lang.String) Dont care,(java.lang.String) Dont care,(java.lang.String) Dont care,(java.lang.String) Dont care,(java.lang.String) Dont care,(java.lang.String) Dont care,(java.lang.String) administrator,(java.lang.String) Dont care,(java.lang.String) Dont care,(java.lang.String) Dont care,(java.lang.String) Dont care,(java.lang.String) Dont care,(java.lang.String) Dont care,(java.lang.String) Dont care,(java.lang.String) Dont care,(java.lang.String) Dont care,(java.lang.String) Dont care,(java.lang.String) admin,(java.lang.String) Dont care,(java.lang.String) Dont care,(java.lang.String) Dont care,(java.lang.String) Dont care,(java.lang.String) Dont care,(java.lang.String) Dont care,(java.lang.String) Dont care,(java.lang.String) Dont care,(java.lang.String) Dont care,(java.lang.String) Dont care,(java.lang.String) Dont care,(java.lang.String) Dont care,(java.lang.String) Dont care,(java.lang.String) Dont care,(java.lang.String) Dont care,(java.lang.String) Dont care,(java.lang.String) Dont care,(java.lang.String) Dont care,(java.lang.String) Dont care,(java.lang.String) Dont care,(java.lang.String) Dont care,(java.lang.String) Dont care,(java.lang.String) Dont care,(java.lang.String) Dont care,(java.lang.String) Dont care,(java.lang.String) Dont care,(java.lang.String) Dont care,(java.lang.String) Dont care,(java.lang.String) Dont care,(java.lang.String) Dont care,(java.lang.String) Dont care,(java.lang.String) Dont care,(java.lang.String) Dont care,(java.lang.String) Dont care,(java.lang.String) Dont care,(java.lang.String) Dont care,(java.lang.String) Dont care,(java.lang.String) Project 1,(java.lang.String) sometimes,(java.lang.String) trival,(java.lang.String) low,(java.lang.String) user1,(java.lang.String) Summary,(java.lang.String) Description,(java.lang.String) Platform,(java.lang.String) Os,(java.lang.String) OS version,(java.lang.String) Sreps to reproduce,(java.lang.String) ADDitional info,(java.lang.String) Tags,(java.lang.String) Dont care,(java.lang.String) Dont care,(java.lang.String) DemoMantis,(java.lang.String) Description,(java.lang.String) development,(java.lang.String) private,(java.lang.String) Dont care]">
      <![CDATA[org.testng.internal.reflect.MethodMatcherException: 
[public void testsuite.Enter_Login_DetailsCreate_Project.test(java.lang.String,java.lang.String,java.lang.String,java.lang.String,java.lang.String,java.lang.String,java.lang.String,java.lang.String,java.lang.String,java.lang.String,java.lang.String,java.lang.String,java.lang.String,java.lang.String,java.lang.String,java.lang.String,java.lang.String,java.lang.String,java.lang.String,java.lang.String,java.lang.String,java.lang.String,java.lang.String,java.lang.String) throws java.lang.Exception] has no parameters defined but was found to be using a data provider (either explicitly specified or inherited from class level annotation).
Data provider mismatch
Method: test([Parameter{index=0, type=java.lang.String, declaredAnnotations=[]}, Parameter{index=1, type=java.lang.String, declaredAnnotations=[]}, Parameter{index=2, type=java.lang.String, declaredAnnotations=[]}, Parameter{index=3, type=java.lang.String, declaredAnnotations=[]}, Parameter{index=4, type=java.lang.String, declaredAnnotations=[]}, Parameter{index=5, type=java.lang.String, declaredAnnotations=[]}, Parameter{index=6, type=java.lang.String, declaredAnnotations=[]}, Parameter{index=7, type=java.lang.String, declaredAnnotations=[]}, Parameter{index=8, type=java.lang.String, declaredAnnotations=[]}, Parameter{index=9, type=java.lang.String, declaredAnnotations=[]}, Parameter{index=10, type=java.lang.String, declaredAnnotations=[]}, Parameter{index=11, type=java.lang.String, declaredAnnotations=[]}, Parameter{index=12, type=java.lang.String, declaredAnnotations=[]}, Parameter{index=13, type=java.lang.String, declaredAnnotations=[]}, Parameter{index=14, type=java.lang.String, declaredAnnotations=[]}, Parameter{index=15, type=java.lang.String, declaredAnnotations=[]}, Parameter{index=16, type=java.lang.String, declaredAnnotations=[]}, Parameter{index=17, type=java.lang.String, declaredAnnotations=[]}, Parameter{index=18, type=java.lang.String, declaredAnnotations=[]}, Parameter{index=19, type=java.lang.String, declaredAnnotations=[]}, Parameter{index=20, type=java.lang.String, declaredAnnotations=[]}, Parameter{index=21, type=java.lang.String, declaredAnnotations=[]}, Parameter{index=22, type=java.lang.String, declaredAnnotations=[]}, Parameter{index=23, type=java.lang.String, declaredAnnotations=[]}])
Arguments: [(java.lang.String) http://localhost/mantis,(java.lang.String) Dont care,(java.lang.String) Dont care,(java.lang.String) Dont care,(java.lang.String) Dont care,(java.lang.String) Dont care,(java.lang.String) Dont care,(java.lang.String) administrator,(java.lang.String) Dont care,(java.lang.String) Dont care,(java.lang.String) Dont care,(java.lang.String) Dont care,(java.lang.String) Dont care,(java.lang.String) Dont care,(java.lang.String) Dont care,(java.lang.String) Dont care,(java.lang.String) Dont care,(java.lang.String) Dont care,(java.lang.String) admin,(java.lang.String) Dont care,(java.lang.String) Dont care,(java.lang.String) Dont care,(java.lang.String) Dont care,(java.lang.String) Dont care,(java.lang.String) Dont care,(java.lang.String) Dont care,(java.lang.String) Dont care,(java.lang.String) Dont care,(java.lang.String) Dont care,(java.lang.String) Dont care,(java.lang.String) Dont care,(java.lang.String) Dont care,(java.lang.String) Dont care,(java.lang.String) Dont care,(java.lang.String) Dont care,(java.lang.String) Dont care,(java.lang.String) Dont care,(java.lang.String) Dont care,(java.lang.String) Dont care,(java.lang.String) Dont care,(java.lang.String) Dont care,(java.lang.String) Dont care,(java.lang.String) Dont care,(java.lang.String) Dont care,(java.lang.String) Dont care,(java.lang.String) Dont care,(java.lang.String) Dont care,(java.lang.String) Dont care,(java.lang.String) Dont care,(java.lang.String) Dont care,(java.lang.String) Dont care,(java.lang.String) Dont care,(java.lang.String) Dont care,(java.lang.String) Dont care,(java.lang.String) Dont care,(java.lang.String) Dont care,(java.lang.String) Project 1,(java.lang.String) sometimes,(java.lang.String) trival,(java.lang.String) low,(java.lang.String) user1,(java.lang.String) Summary,(java.lang.String) Description,(java.lang.String) Platform,(java.lang.String) Os,(java.lang.String) OS version,(java.lang.String) Sreps to reproduce,(java.lang.String) ADDitional info,(java.lang.String) Tags,(java.lang.String) Dont care,(java.lang.String) Dont care,(java.lang.String) DemoMantis,(java.lang.String) Description,(java.lang.String) development,(java.lang.String) private,(java.lang.String) Dont care]
at java.base/java.util.ArrayList.forEach(ArrayList.java:1511)
... Removed 22 stack frames]]>
    </failure>
  </testcase> <!-- test -->
</testsuite> <!-- TestCase2 -->
